  소스.cpp
C:\Users\olol5\Desktop\for_Window\Project2\소스.cpp(407,38): warning C4244: '초기화 중': 'float'에서 'int'(으)로 변환하면서 데이터가 손실될 수 있습니다.
C:\Users\olol5\Desktop\for_Window\Project2\소스.cpp(408,70): warning C4244: '=': 'int'에서 'float'(으)로 변환하면서 데이터가 손실될 수 있습니다.
C:\Users\olol5\Desktop\for_Window\Project2\소스.cpp(711,55): warning C4244: '+=': 'float'에서 'int'(으)로 변환하면서 데이터가 손실될 수 있습니다.
C:\Users\olol5\Desktop\for_Window\Project2\소스.cpp(740,52): warning C4244: '+=': 'float'에서 'int'(으)로 변환하면서 데이터가 손실될 수 있습니다.
C:\Users\olol5\Desktop\for_Window\Project2\소스.cpp(756,25): warning C4244: '초기화 중': 'float'에서 'int'(으)로 변환하면서 데이터가 손실될 수 있습니다.
C:\Users\olol5\Desktop\for_Window\Project2\소스.cpp(759,54): warning C4244: '-=': 'double'에서 'float'(으)로 변환하면서 데이터가 손실될 수 있습니다.
C:\Users\olol5\Desktop\for_Window\Project2\소스.cpp(780,25): warning C4244: '초기화 중': 'float'에서 'int'(으)로 변환하면서 데이터가 손실될 수 있습니다.
C:\Users\olol5\Desktop\for_Window\Project2\소스.cpp(781,65): warning C4244: '+=': 'double'에서 'float'(으)로 변환하면서 데이터가 손실될 수 있습니다.
C:\Users\olol5\Desktop\for_Window\Project2\소스.cpp(853,32): warning C4244: '-=': 'double'에서 'float'(으)로 변환하면서 데이터가 손실될 수 있습니다.
C:\Users\olol5\Desktop\for_Window\Project2\소스.cpp(1287,27): warning C4305: '인수': 'double'에서 'float'(으)로 잘립니다.
C:\Users\olol5\Desktop\for_Window\Project2\소스.cpp(1288,27): warning C4305: '인수': 'double'에서 'float'(으)로 잘립니다.
C:\Users\olol5\Desktop\for_Window\Project2\소스.cpp(1289,27): warning C4305: '인수': 'double'에서 'float'(으)로 잘립니다.
C:\Users\olol5\Desktop\for_Window\Project2\소스.cpp(1290,27): warning C4305: '인수': 'double'에서 'float'(으)로 잘립니다.
C:\Users\olol5\Desktop\for_Window\Project2\소스.cpp(1291,27): warning C4305: '인수': 'double'에서 'float'(으)로 잘립니다.
소스.obj : error LNK2019: "void __cdecl startGame(unsigned int)" (?startGame@@YAXI@Z)main 함수에서 참조되는 확인할 수 없는 외부 기호
소스.obj : error LNK2019: "void __cdecl enterScene(unsigned int)" (?enterScene@@YAXI@Z)"void __cdecl lifeCheck(void)" (?lifeCheck@@YAXXZ) 함수에서 참조되는 확인할 수 없는 외부 기호
소스.obj : error LNK2019: "unsigned int __cdecl createScene(char const *,char const *)" (?createScene@@YAIPEBD0@Z)"unsigned int __cdecl game_init(void)" (?game_init@@YAIXZ) 함수에서 참조되는 확인할 수 없는 외부 기호
소스.obj : error LNK2019: "unsigned int __cdecl createObject(char const *)" (?createObject@@YAIPEBD@Z)"unsigned int __cdecl createObject(char const *,unsigned int,int,int,bool)" (?createObject@@YAIPEBDIHH_N@Z) 함수에서 참조되는 확인할 수 없는 외부 기호
    정의되었으며 잠재적으로 일치할 수 있는 기호에 대한 힌트:
      "unsigned int __cdecl createObject(char const *,unsigned int,int,int,bool)" (?createObject@@YAIPEBDIHH_N@Z)
소스.obj : error LNK2019: "void __cdecl locateObject(unsigned int,unsigned int,int,int)" (?locateObject@@YAXIIHH@Z)"unsigned int __cdecl createObject(char const *,unsigned int,int,int,bool)" (?createObject@@YAIPEBDIHH_N@Z) 함수에서 참조되는 확인할 수 없는 외부 기호
소스.obj : error LNK2019: "void __cdecl setObjectImage(unsigned int,char const *)" (?setObjectImage@@YAXIPEBD@Z)"void __cdecl inventoryCheck(void)" (?inventoryCheck@@YAXXZ) 함수에서 참조되는 확인할 수 없는 외부 기호
소스.obj : error LNK2019: "void __cdecl scaleObject(unsigned int,float)" (?scaleObject@@YAXIM@Z)"unsigned int __cdecl game_init(void)" (?game_init@@YAIXZ) 함수에서 참조되는 확인할 수 없는 외부 기호
소스.obj : error LNK2019: "void __cdecl showObject(unsigned int)" (?showObject@@YAXI@Z)"unsigned int __cdecl createObject(char const *,unsigned int,int,int,bool)" (?createObject@@YAIPEBDIHH_N@Z) 함수에서 참조되는 확인할 수 없는 외부 기호
소스.obj : error LNK2019: "void __cdecl hideObject(unsigned int)" (?hideObject@@YAXI@Z)"void __cdecl mouseCallback(unsigned int,int,int,enum MouseAction)" (?mouseCallback@@YAXIHHW4MouseAction@@@Z) 함수에서 참조되는 확인할 수 없는 외부 기호
소스.obj : error LNK2019: "void __cdecl showMessage(char const *)" (?showMessage@@YAXPEBD@Z)"void __cdecl mouseCallback(unsigned int,int,int,enum MouseAction)" (?mouseCallback@@YAXIHHW4MouseAction@@@Z) 함수에서 참조되는 확인할 수 없는 외부 기호
소스.obj : error LNK2019: "unsigned int __cdecl createSound(char const *)" (?createSound@@YAIPEBD@Z)"unsigned int __cdecl game_init(void)" (?game_init@@YAIXZ) 함수에서 참조되는 확인할 수 없는 외부 기호
소스.obj : error LNK2019: "void __cdecl playSound(unsigned int,bool)" (?playSound@@YAXI_N@Z)"unsigned int __cdecl game_init(void)" (?game_init@@YAIXZ) 함수에서 참조되는 확인할 수 없는 외부 기호
소스.obj : error LNK2019: "unsigned int __cdecl createTimer(float)" (?createTimer@@YAIM@Z)main 함수에서 참조되는 확인할 수 없는 외부 기호
소스.obj : error LNK2019: "void __cdecl setTimer(unsigned int,float)" (?setTimer@@YAXIM@Z)main 함수에서 참조되는 확인할 수 없는 외부 기호
소스.obj : error LNK2019: "void __cdecl setMouseCallback(void (__cdecl*)(unsigned int,int,int,enum MouseAction))" (?setMouseCallback@@YAXP6AXIHHW4MouseAction@@@Z@Z)main 함수에서 참조되는 확인할 수 없는 외부 기호
소스.obj : error LNK2019: "void __cdecl setTimerCallback(void (__cdecl*)(unsigned int))" (?setTimerCallback@@YAXP6AXI@Z@Z)main 함수에서 참조되는 확인할 수 없는 외부 기호
소스.obj : error LNK2019: "void __cdecl setGameOption(enum GameOption,int)" (?setGameOption@@YAXW4GameOption@@H@Z)main 함수에서 참조되는 확인할 수 없는 외부 기호
C:\Program Files (x86)\Bosornd\Bangtal\lib\win32\Debug\Bangtal.lib : warning LNK4272: 'x86' 라이브러리 컴퓨터 종류가 'x64' 대상 컴퓨터 종류와 충돌합니다.
C:\Program Files (x86)\Bosornd\Bangtal\lib\win32\Debug\BangtalC++.lib : warning LNK4272: 'x86' 라이브러리 컴퓨터 종류가 'x64' 대상 컴퓨터 종류와 충돌합니다.
C:\Users\olol5\Desktop\for_Window\Project2\x64\Debug\Project2.exe : fatal error LNK1120: 17개의 확인할 수 없는 외부 참조입니다.
