  소스.cpp
C:\Users\olol5\source\repos\Project8\소스.cpp(330,125): warning C4819: 현재 코드 페이지(0)에서 표시할 수 없는 문자가 파일에 들어 있습니다. 데이터가 손실되지 않게 하려면 해당 파일을 유니코드 형식으로 저장하십시오.
C:\Users\olol5\source\repos\Project8\소스.cpp(407,38): warning C4244: '초기화 중': 'float'에서 'int'(으)로 변환하면서 데이터가 손실될 수 있습니다.
C:\Users\olol5\source\repos\Project8\소스.cpp(408,70): warning C4244: '=': 'int'에서 'float'(으)로 변환하면서 데이터가 손실될 수 있습니다.
C:\Users\olol5\source\repos\Project8\소스.cpp(604,166): warning C4819: 현재 코드 페이지(0)에서 표시할 수 없는 문자가 파일에 들어 있습니다. 데이터가 손실되지 않게 하려면 해당 파일을 유니코드 형식으로 저장하십시오.
C:\Users\olol5\source\repos\Project8\소스.cpp(710,55): warning C4244: '+=': 'float'에서 'int'(으)로 변환하면서 데이터가 손실될 수 있습니다.
C:\Users\olol5\source\repos\Project8\소스.cpp(739,52): warning C4244: '+=': 'float'에서 'int'(으)로 변환하면서 데이터가 손실될 수 있습니다.
C:\Users\olol5\source\repos\Project8\소스.cpp(755,25): warning C4244: '초기화 중': 'float'에서 'int'(으)로 변환하면서 데이터가 손실될 수 있습니다.
C:\Users\olol5\source\repos\Project8\소스.cpp(758,54): warning C4244: '-=': 'double'에서 'float'(으)로 변환하면서 데이터가 손실될 수 있습니다.
C:\Users\olol5\source\repos\Project8\소스.cpp(779,25): warning C4244: '초기화 중': 'float'에서 'int'(으)로 변환하면서 데이터가 손실될 수 있습니다.
C:\Users\olol5\source\repos\Project8\소스.cpp(780,65): warning C4244: '+=': 'double'에서 'float'(으)로 변환하면서 데이터가 손실될 수 있습니다.
C:\Users\olol5\source\repos\Project8\소스.cpp(805,60): warning C4819: 현재 코드 페이지(0)에서 표시할 수 없는 문자가 파일에 들어 있습니다. 데이터가 손실되지 않게 하려면 해당 파일을 유니코드 형식으로 저장하십시오.
C:\Users\olol5\source\repos\Project8\소스.cpp(811,61): warning C4819: 현재 코드 페이지(0)에서 표시할 수 없는 문자가 파일에 들어 있습니다. 데이터가 손실되지 않게 하려면 해당 파일을 유니코드 형식으로 저장하십시오.
C:\Users\olol5\source\repos\Project8\소스.cpp(823,60): warning C4819: 현재 코드 페이지(0)에서 표시할 수 없는 문자가 파일에 들어 있습니다. 데이터가 손실되지 않게 하려면 해당 파일을 유니코드 형식으로 저장하십시오.
C:\Users\olol5\source\repos\Project8\소스.cpp(829,61): warning C4819: 현재 코드 페이지(0)에서 표시할 수 없는 문자가 파일에 들어 있습니다. 데이터가 손실되지 않게 하려면 해당 파일을 유니코드 형식으로 저장하십시오.
C:\Users\olol5\source\repos\Project8\소스.cpp(852,32): warning C4244: '-=': 'double'에서 'float'(으)로 변환하면서 데이터가 손실될 수 있습니다.
C:\Users\olol5\source\repos\Project8\소스.cpp(1286,27): warning C4305: '인수': 'double'에서 'float'(으)로 잘립니다.
C:\Users\olol5\source\repos\Project8\소스.cpp(1287,27): warning C4305: '인수': 'double'에서 'float'(으)로 잘립니다.
C:\Users\olol5\source\repos\Project8\소스.cpp(1288,27): warning C4305: '인수': 'double'에서 'float'(으)로 잘립니다.
C:\Users\olol5\source\repos\Project8\소스.cpp(1289,27): warning C4305: '인수': 'double'에서 'float'(으)로 잘립니다.
C:\Users\olol5\source\repos\Project8\소스.cpp(1290,27): warning C4305: '인수': 'double'에서 'float'(으)로 잘립니다.
  코드를 생성하고 있습니다.
  Previous IPDB not found, fall back to full compilation.
  All 21 functions were compiled because no usable IPDB/IOBJ from previous compilation was found.
  코드를 생성했습니다.
  Project8.vcxproj -> C:\Users\olol5\source\repos\Project8\Release\Project8.exe
