  소스.cpp
C:\Users\olol5\Desktop\for_Window\Project2\소스.cpp(331,125): warning C4819: 현재 코드 페이지(0)에서 표시할 수 없는 문자가 파일에 들어 있습니다. 데이터가 손실되지 않게 하려면 해당 파일을 유니코드 형식으로 저장하십시오.
C:\Users\olol5\Desktop\for_Window\Project2\소스.cpp(408,38): warning C4244: '초기화 중': 'float'에서 'int'(으)로 변환하면서 데이터가 손실될 수 있습니다.
C:\Users\olol5\Desktop\for_Window\Project2\소스.cpp(409,70): warning C4244: '=': 'int'에서 'float'(으)로 변환하면서 데이터가 손실될 수 있습니다.
C:\Users\olol5\Desktop\for_Window\Project2\소스.cpp(606,166): warning C4819: 현재 코드 페이지(0)에서 표시할 수 없는 문자가 파일에 들어 있습니다. 데이터가 손실되지 않게 하려면 해당 파일을 유니코드 형식으로 저장하십시오.
C:\Users\olol5\Desktop\for_Window\Project2\소스.cpp(712,55): warning C4244: '+=': 'float'에서 'int'(으)로 변환하면서 데이터가 손실될 수 있습니다.
C:\Users\olol5\Desktop\for_Window\Project2\소스.cpp(741,52): warning C4244: '+=': 'float'에서 'int'(으)로 변환하면서 데이터가 손실될 수 있습니다.
C:\Users\olol5\Desktop\for_Window\Project2\소스.cpp(757,25): warning C4244: '초기화 중': 'float'에서 'int'(으)로 변환하면서 데이터가 손실될 수 있습니다.
C:\Users\olol5\Desktop\for_Window\Project2\소스.cpp(760,54): warning C4244: '-=': 'double'에서 'float'(으)로 변환하면서 데이터가 손실될 수 있습니다.
C:\Users\olol5\Desktop\for_Window\Project2\소스.cpp(781,25): warning C4244: '초기화 중': 'float'에서 'int'(으)로 변환하면서 데이터가 손실될 수 있습니다.
C:\Users\olol5\Desktop\for_Window\Project2\소스.cpp(782,65): warning C4244: '+=': 'double'에서 'float'(으)로 변환하면서 데이터가 손실될 수 있습니다.
C:\Users\olol5\Desktop\for_Window\Project2\소스.cpp(807,60): warning C4819: 현재 코드 페이지(0)에서 표시할 수 없는 문자가 파일에 들어 있습니다. 데이터가 손실되지 않게 하려면 해당 파일을 유니코드 형식으로 저장하십시오.
C:\Users\olol5\Desktop\for_Window\Project2\소스.cpp(813,61): warning C4819: 현재 코드 페이지(0)에서 표시할 수 없는 문자가 파일에 들어 있습니다. 데이터가 손실되지 않게 하려면 해당 파일을 유니코드 형식으로 저장하십시오.
C:\Users\olol5\Desktop\for_Window\Project2\소스.cpp(825,60): warning C4819: 현재 코드 페이지(0)에서 표시할 수 없는 문자가 파일에 들어 있습니다. 데이터가 손실되지 않게 하려면 해당 파일을 유니코드 형식으로 저장하십시오.
C:\Users\olol5\Desktop\for_Window\Project2\소스.cpp(831,61): warning C4819: 현재 코드 페이지(0)에서 표시할 수 없는 문자가 파일에 들어 있습니다. 데이터가 손실되지 않게 하려면 해당 파일을 유니코드 형식으로 저장하십시오.
C:\Users\olol5\Desktop\for_Window\Project2\소스.cpp(854,32): warning C4244: '-=': 'double'에서 'float'(으)로 변환하면서 데이터가 손실될 수 있습니다.
C:\Users\olol5\Desktop\for_Window\Project2\소스.cpp(1288,27): warning C4305: '인수': 'double'에서 'float'(으)로 잘립니다.
C:\Users\olol5\Desktop\for_Window\Project2\소스.cpp(1289,27): warning C4305: '인수': 'double'에서 'float'(으)로 잘립니다.
C:\Users\olol5\Desktop\for_Window\Project2\소스.cpp(1290,27): warning C4305: '인수': 'double'에서 'float'(으)로 잘립니다.
C:\Users\olol5\Desktop\for_Window\Project2\소스.cpp(1291,27): warning C4305: '인수': 'double'에서 'float'(으)로 잘립니다.
C:\Users\olol5\Desktop\for_Window\Project2\소스.cpp(1292,27): warning C4305: '인수': 'double'에서 'float'(으)로 잘립니다.
  Project2.vcxproj -> C:\Users\olol5\Desktop\for_Window\Project2\Debug\Project2.exe
