소스.obj : error LNK2001: 확인할 수 없는 외부 기호 "void __cdecl setTimer(unsigned int,float)" (?setTimer@@YAXIM@Z)
소스.obj : error LNK2001: 확인할 수 없는 외부 기호 "void __cdecl showObject(unsigned int)" (?showObject@@YAXI@Z)
소스.obj : error LNK2001: 확인할 수 없는 외부 기호 "void __cdecl enterScene(unsigned int)" (?enterScene@@YAXI@Z)
소스.obj : error LNK2001: 확인할 수 없는 외부 기호 "unsigned int __cdecl createTimer(float)" (?createTimer@@YAIM@Z)
소스.obj : error LNK2001: 확인할 수 없는 외부 기호 "void __cdecl locateObject(unsigned int,unsigned int,int,int)" (?locateObject@@YAXIIHH@Z)
소스.obj : error LNK2001: 확인할 수 없는 외부 기호 "unsigned int __cdecl createSound(char const *)" (?createSound@@YAIPEBD@Z)
소스.obj : error LNK2001: 확인할 수 없는 외부 기호 "void __cdecl setGameOption(enum GameOption,int)" (?setGameOption@@YAXW4GameOption@@H@Z)
소스.obj : error LNK2001: 확인할 수 없는 외부 기호 "void __cdecl startGame(unsigned int)" (?startGame@@YAXI@Z)
소스.obj : error LNK2001: 확인할 수 없는 외부 기호 "void __cdecl setObjectImage(unsigned int,char const *)" (?setObjectImage@@YAXIPEBD@Z)
소스.obj : error LNK2001: 확인할 수 없는 외부 기호 "void __cdecl hideObject(unsigned int)" (?hideObject@@YAXI@Z)
소스.obj : error LNK2001: 확인할 수 없는 외부 기호 "unsigned int __cdecl createObject(char const *)" (?createObject@@YAIPEBD@Z)
    정의되었으며 잠재적으로 일치할 수 있는 기호에 대한 힌트:
      "unsigned int __cdecl createObject(char const *,unsigned int,int,int,bool)" (?createObject@@YAIPEBDIHH_N@Z)
소스.obj : error LNK2001: 확인할 수 없는 외부 기호 "void __cdecl setTimerCallback(void (__cdecl*)(unsigned int))" (?setTimerCallback@@YAXP6AXI@Z@Z)
소스.obj : error LNK2001: 확인할 수 없는 외부 기호 "void __cdecl playSound(unsigned int,bool)" (?playSound@@YAXI_N@Z)
소스.obj : error LNK2001: 확인할 수 없는 외부 기호 "void __cdecl scaleObject(unsigned int,float)" (?scaleObject@@YAXIM@Z)
소스.obj : error LNK2001: 확인할 수 없는 외부 기호 "void __cdecl setMouseCallback(void (__cdecl*)(unsigned int,int,int,enum MouseAction))" (?setMouseCallback@@YAXP6AXIHHW4MouseAction@@@Z@Z)
소스.obj : error LNK2001: 확인할 수 없는 외부 기호 "unsigned int __cdecl createScene(char const *,char const *)" (?createScene@@YAIPEBD0@Z)
소스.obj : error LNK2001: 확인할 수 없는 외부 기호 "void __cdecl showMessage(char const *)" (?showMessage@@YAXPEBD@Z)
C:\Users\olol5\Desktop\for_Window\Project2\x64\Release\Project2.exe : fatal error LNK1120: 17개의 확인할 수 없는 외부 참조입니다.
